<?xml version="1.0" encoding="UTF-8"?>
<testng-results ignored="0" total="3" passed="3" failed="0" skipped="0">
  <reporter-output>
  </reporter-output>
  <suite started-at="2024-02-15T14:56:34 IST" name="Default suite" finished-at="2024-02-15T14:56:39 IST" duration-ms="4361">
    <groups>
    </groups>
    <test started-at="2024-02-15T14:56:34 IST" name="Default test" finished-at="2024-02-15T14:56:39 IST" duration-ms="4361">
      <class name="Files.DynamicJson">
        <test-method signature="AddBook(java.lang.String,java.lang.String)[pri:0, instance:Files.DynamicJson@31fa1761]" started-at="2024-02-15T14:56:34 IST" name="AddBook" data-provider="Books" finished-at="2024-02-15T14:56:38 IST" duration-ms="3918" status="PASS">
          <params>
            <param index="0">
              <value>
                <![CDATA[fdfre]]>
              </value>
            </param>
            <param index="1">
              <value>
                <![CDATA[4588]]>
              </value>
            </param>
          </params>
          <reporter-output>
          </reporter-output>
        </test-method> <!-- AddBook -->
        <test-method signature="AddBook(java.lang.String,java.lang.String)[pri:0, instance:Files.DynamicJson@31fa1761]" started-at="2024-02-15T14:56:38 IST" name="AddBook" data-provider="Books" finished-at="2024-02-15T14:56:39 IST" duration-ms="187" status="PASS">
          <params>
            <param index="0">
              <value>
                <![CDATA[fgrg]]>
              </value>
            </param>
            <param index="1">
              <value>
                <![CDATA[7845]]>
              </value>
            </param>
          </params>
          <reporter-output>
          </reporter-output>
        </test-method> <!-- AddBook -->
        <test-method signature="AddBook(java.lang.String,java.lang.String)[pri:0, instance:Files.DynamicJson@31fa1761]" started-at="2024-02-15T14:56:39 IST" name="AddBook" data-provider="Books" finished-at="2024-02-15T14:56:39 IST" duration-ms="141" status="PASS">
          <params>
            <param index="0">
              <value>
                <![CDATA[eree]]>
              </value>
            </param>
            <param index="1">
              <value>
                <![CDATA[5897]]>
              </value>
            </param>
          </params>
          <reporter-output>
          </reporter-output>
        </test-method> <!-- AddBook -->
      </class> <!-- Files.DynamicJson -->
    </test> <!-- Default test -->
  </suite> <!-- Default suite -->
</testng-results>
